<?xml version="1.0" encoding="UTF-8"?>
<!-- Generated by org.testng.reporters.JUnitXMLReporter -->
<testsuite ignored="1" hostname="C02HG794Q6L5" failures="1" tests="2" name="ErrorValidation" time="8.306" errors="0" timestamp="2024-06-13T13:34:46 IST">
  <testcase classname="Rahulshettyacademy.ErrorValidationTest" name="errorMessage" time="2.083">
    <skipped/>
  </testcase> <!-- errorMessage -->
  <testcase classname="Rahulshettyacademy.ErrorValidationTest" name="errorMessage" time="1.391">
    <failure type="java.lang.AssertionError" message="expected [Incorrect email or password.] but found [Incorrect email  password.]">
      <![CDATA[java.lang.AssertionError: expected [Incorrect email or password.] but found [Incorrect email  password.]
at Rahulshettyacademy.ErrorValidationTest.errorMessage(ErrorValidationTest.java:29)
at java.base/java.util.ArrayList.forEach(ArrayList.java:1511)
at java.base/java.util.concurrent.FutureTask.run(FutureTask.java:264)
at java.base/java.util.concurrent.ThreadPoolExecutor.runWorker(ThreadPoolExecutor.java:1136)
at java.base/java.util.concurrent.ThreadPoolExecutor$Worker.run(ThreadPoolExecutor.java:635)
at java.base/java.lang.Thread.run(Thread.java:833)
... Removed 23 stack frames]]>
    </failure>
  </testcase> <!-- errorMessage -->
  <testcase classname="Rahulshettyacademy.ErrorValidationTest" name="submitOrder" time="0.0">
    <ignored/>
  </testcase> <!-- submitOrder -->
</testsuite> <!-- ErrorValidation -->
